<?xml version="1.0" encoding="UTF-8"?>
<!-- Generated by org.testng.reporters.JUnitReportReporter -->
<testsuite hostname="M" failures="0" tests="2" name="tests.LoginTest" time="32.824" errors="0" timestamp="2025-08-18T12:02:50 IST" skipped="0">
  <testcase classname="tests.LoginTest" name="validLoginTest" time="16.521"/>
  <system-out/>
  <testcase classname="tests.LoginTest" name="InValidLoginTest" time="16.303"/>
  <system-out/>
</testsuite> <!-- tests.LoginTest -->
