<?xml version="1.0" encoding="UTF-8"?>
<!-- Generated by org.testng.reporters.JUnitReportReporter -->
<testsuite hostname="M" failures="0" tests="1" name="tests.TestCase1" time="0.104" errors="0" timestamp="2025-08-13T16:12:47 IST" skipped="1">
  <testcase classname="tests.TestCase1" name="isSkip" time="0.104">
    <skipped/>
  </testcase> <!-- isSkip -->
  <system-out/>
</testsuite> <!-- tests.TestCase1 -->
