<?xml version="1.0" encoding="UTF-8"?>
<!-- Generated by org.testng.reporters.JUnitReportReporter -->
<testsuite hostname="M" failures="0" tests="1" name="tests.LoginPage2Test" time="15.450" errors="0" timestamp="2025-08-18T07:37:29 IST" skipped="0">
  <testcase classname="tests.LoginPage2Test" name="validLoginTest2" time="15.450"/>
  <system-out/>
</testsuite> <!-- tests.LoginPage2Test -->
