<?xml version="1.0" encoding="UTF-8"?>
<!-- Generated by org.testng.reporters.JUnitReportReporter -->
<testsuite hostname="M" failures="0" tests="2" name="tests.YatraFlightBookingTest" time="182.729" errors="0" timestamp="2025-08-19T01:17:20 IST" skipped="0">
  <testcase classname="tests.YatraFlightBookingTest" name="testFlightBooking" time="91.312"/>
  <system-out/>
  <testcase classname="tests.YatraFlightBookingTest" name="testFlightBooking" time="91.417"/>
  <system-out/>
</testsuite> <!-- tests.YatraFlightBookingTest -->
