<?xml version="1.0" encoding="UTF-8"?>
<!-- Generated by org.testng.reporters.JUnitReportReporter -->
<testsuite hostname="M" failures="0" tests="1" name="tests.YatraFlightBookingTest" time="85.104" errors="0" timestamp="2025-08-18T22:29:39 IST" skipped="0">
  <testcase classname="tests.YatraFlightBookingTest" name="testFlightBooking" time="85.104"/>
  <system-out/>
</testsuite> <!-- tests.YatraFlightBookingTest -->
