<?xml version="1.0" encoding="UTF-8"?>
<!-- Generated by org.testng.reporters.JUnitReportReporter -->
<testsuite hostname="M" failures="0" tests="1" name="tests.YatraFlightBookingTest2" time="46.396" errors="0" timestamp="2025-08-18T22:26:29 IST" skipped="0">
  <testcase classname="tests.YatraFlightBookingTest2" name="testFlightBooking" time="46.396"/>
  <system-out/>
</testsuite> <!-- tests.YatraFlightBookingTest2 -->
